[0m[[0m[0mdebug[0m] [0m[0m> Exec(run, Some(68d202fb-58fe-4e85-b56c-07fb74caa828), Some(CommandSource(console0)))[0m
[0m[[0m[0mdebug[0m] [0m[0mEvaluating tasks: Compile / run[0m
[0m[[0m[0mdebug[0m] [0m[0mRunning task... Cancel: bloop.integrations.sbt.Offloader$$anon$1@4a9412c4, check cycles: false, forcegc: true[0m
[0m[[0m[33mwarn[0m] [0m[0mThere may be incompatibilities among your library dependencies; run 'evicted' to see detailed eviction warnings.[0m
[0m[[0m[0minfo[0m] [0m[0mcompiling 1 Scala source to C:\Users\Hakan\OneDrive\Desktop\Lessons\4. Year\2nd Semester\trendyol\trendyolSpark\trendyolSpark\target\scala-2.11\classes ...[0m
[0m[[0m[0minfo[0m] [0m[0mNon-compiled module 'compiler-bridge_2.11' for Scala 2.11.8. Compiling...[0m
[0m[[0m[0minfo[0m] [0m[0m  Compilation completed in 19.8s.[0m
[0m[[0m[31merror[0m] [0m[0mC:\Users\Hakan\OneDrive\Desktop\Lessons\4. Year\2nd Semester\trendyol\trendyolSpark\trendyolSpark\src\main\scala\Main.scala:7:8: object Encoders is not a member of package org.apache.spark.sql[0m
[0m[[0m[31merror[0m] [0m[0mimport org.apache.spark.sql.{Encoders, SaveMode, SparkSession}[0m
[0m[[0m[31merror[0m] [0m[0m       ^[0m
[0m[[0m[31merror[0m] [0m[0mC:\Users\Hakan\OneDrive\Desktop\Lessons\4. Year\2nd Semester\trendyol\trendyolSpark\trendyolSpark\src\main\scala\Main.scala:8:29: object expressions is not a member of package org.apache.spark.sql[0m
[0m[[0m[31merror[0m] [0m[0mimport org.apache.spark.sql.expressions.Window[0m
[0m[[0m[31merror[0m] [0m[0m                            ^[0m
[0m[[0m[31merror[0m] [0m[0mC:\Users\Hakan\OneDrive\Desktop\Lessons\4. Year\2nd Semester\trendyol\trendyolSpark\trendyolSpark\src\main\scala\Main.scala:9:29: object functions is not a member of package org.apache.spark.sql[0m
[0m[[0m[31merror[0m] [0m[0mimport org.apache.spark.sql.functions._[0m
[0m[[0m[31merror[0m] [0m[0m                            ^[0m
[0m[[0m[31merror[0m] [0m[0mC:\Users\Hakan\OneDrive\Desktop\Lessons\4. Year\2nd Semester\trendyol\trendyolSpark\trendyolSpark\src\main\scala\Main.scala:16:17: not found: value SparkSession[0m
[0m[[0m[31merror[0m] [0m[0m    val spark = SparkSession[0m
[0m[[0m[31merror[0m] [0m[0m                ^[0m
[0m[[0m[31merror[0m] [0m[0mC:\Users\Hakan\OneDrive\Desktop\Lessons\4. Year\2nd Semester\trendyol\trendyolSpark\trendyolSpark\src\main\scala\Main.scala:43:26: not found: value Encoders[0m
[0m[[0m[31merror[0m] [0m[0m    val productsSchema = Encoders.product[Product].schema[0m
[0m[[0m[31merror[0m] [0m[0m                         ^[0m
[0m[[0m[31merror[0m] [0m[0mC:\Users\Hakan\OneDrive\Desktop\Lessons\4. Year\2nd Semester\trendyol\trendyolSpark\trendyolSpark\src\main\scala\Main.scala:49:22: not found: value Encoders[0m
[0m[[0m[31merror[0m] [0m[0m    val viewSchema = Encoders.product[ProductViewEvent].schema[0m
[0m[[0m[31merror[0m] [0m[0m                     ^[0m
[0m[[0m[31merror[0m] [0m[0mC:\Users\Hakan\OneDrive\Desktop\Lessons\4. Year\2nd Semester\trendyol\trendyolSpark\trendyolSpark\src\main\scala\Main.scala:62:22: not found: value Window[0m
[0m[[0m[31merror[0m] [0m[0m    val rankWindow = Window.partitionBy("channel", "category").orderBy("distinctUserCount")[0m
[0m[[0m[31merror[0m] [0m[0m                     ^[0m
[0m[[0m[31merror[0m] [0m[0m7 errors found[0m
[0m[[0m[31merror[0m] [0m[0m(Compile / [31mcompileIncremental[0m) Compilation failed[0m
[0m[[0m[31merror[0m] [0m[0mTotal time: 55 s, completed Feb 18, 2021, 5:16:15 PM[0m
[0m[[0m[0mdebug[0m] [0m[0m> Exec(shell, None, None)[0m
[0m[[0m[31merror[0m] [0m[0mserver failed to start on local:sbt-server-1e5d42ea81977977c801. java.io.IOException: Could not create lock for \\.\pipe\sbt-server-1e5d42ea81977977c801_lock, error 5[0m
