[0m[[0m[0mdebug[0m] [0m[0m> Exec(run, Some(c655f611-77ca-4956-8af6-b2b696752a53), Some(CommandSource(console0)))[0m
[0m[[0m[0mdebug[0m] [0m[0mEvaluating tasks: Compile / run[0m
[0m[[0m[0mdebug[0m] [0m[0mRunning task... Cancel: bloop.integrations.sbt.Offloader$$anon$1@684b26b7, check cycles: false, forcegc: true[0m
[0m[[0m[0minfo[0m] [0m[0mcompiling 1 Scala source to C:\Users\Hakan\OneDrive\Desktop\Lessons\4. Year\2nd Semester\trendyol\trendyolSpark\trendyolSpark\target\scala-2.11\classes ...[0m
[0m[[0m[31merror[0m] [0m[0mC:\Users\Hakan\OneDrive\Desktop\Lessons\4. Year\2nd Semester\trendyol\trendyolSpark\trendyolSpark\src\main\scala\spark\SparkAllJobs.scala:64:19: value > is not a member of Any[0m
[0m[[0m[31merror[0m] [0m[0m        if(row(2) > priceBefore)[0m
[0m[[0m[31merror[0m] [0m[0m                  ^[0m
[0m[[0m[31merror[0m] [0m[0mC:\Users\Hakan\OneDrive\Desktop\Lessons\4. Year\2nd Semester\trendyol\trendyolSpark\trendyolSpark\src\main\scala\spark\SparkAllJobs.scala:67:25: reassignment to val[0m
[0m[[0m[31merror[0m] [0m[0m            priceBefore = row(2)[0m
[0m[[0m[31merror[0m] [0m[0m                        ^[0m
[0m[[0m[31merror[0m] [0m[0mC:\Users\Hakan\OneDrive\Desktop\Lessons\4. Year\2nd Semester\trendyol\trendyolSpark\trendyolSpark\src\main\scala\spark\SparkAllJobs.scala:69:24: value < is not a member of Any[0m
[0m[[0m[31merror[0m] [0m[0m        else if(row(2) < priceBefore)[0m
[0m[[0m[31merror[0m] [0m[0m                       ^[0m
[0m[[0m[31merror[0m] [0m[0mC:\Users\Hakan\OneDrive\Desktop\Lessons\4. Year\2nd Semester\trendyol\trendyolSpark\trendyolSpark\src\main\scala\spark\SparkAllJobs.scala:71:25: reassignment to val[0m
[0m[[0m[31merror[0m] [0m[0m            priceBefore = row(2)[0m
[0m[[0m[31merror[0m] [0m[0m                        ^[0m
[0m[[0m[31merror[0m] [0m[0mC:\Users\Hakan\OneDrive\Desktop\Lessons\4. Year\2nd Semester\trendyol\trendyolSpark\trendyolSpark\src\main\scala\spark\SparkAllJobs.scala:75:21: reassignment to val[0m
[0m[[0m[31merror[0m] [0m[0m        priceBefore = row(2)[0m
[0m[[0m[31merror[0m] [0m[0m                    ^[0m
[0m[[0m[31merror[0m] [0m[0mC:\Users\Hakan\OneDrive\Desktop\Lessons\4. Year\2nd Semester\trendyol\trendyolSpark\trendyolSpark\src\main\scala\spark\SparkAllJobs.scala:76:19: reassignment to val[0m
[0m[[0m[31merror[0m] [0m[0m        rowBefore = row(0)[0m
[0m[[0m[31merror[0m] [0m[0m                  ^[0m
[0m[[0m[31merror[0m] [0m[0m6 errors found[0m
[0m[[0m[31merror[0m] [0m[0m(Compile / [31mcompileIncremental[0m) Compilation failed[0m
[0m[[0m[31merror[0m] [0m[0mTotal time: 1 s, completed Feb 19, 2021, 6:08:05 PM[0m
[0m[[0m[0mdebug[0m] [0m[0m> Exec(shell, None, None)[0m
