[0m[[0m[0mdebug[0m] [0m[0m> Exec(run, Some(95fa6e35-5290-4b7a-8ea8-6aaa33c17867), Some(CommandSource(console0)))[0m
[0m[[0m[0mdebug[0m] [0m[0mEvaluating tasks: Compile / run[0m
[0m[[0m[0mdebug[0m] [0m[0mRunning task... Cancel: bloop.integrations.sbt.Offloader$$anon$1@4ff00844, check cycles: false, forcegc: true[0m
[0m[[0m[33mwarn[0m] [0m[0m[0m
[0m[[0m[33mwarn[0m] [0m[0m	Note: Unresolved dependencies path:[0m
[0m[[0m[31merror[0m] [0m[0msbt.librarymanagement.ResolveException: Error downloading org.scala-lang.modules:scala-parser-combinators:1.1.2[0m
[0m[[0m[31merror[0m] [0m[0m  Not found[0m
[0m[[0m[31merror[0m] [0m[0m  Not found[0m
[0m[[0m[31merror[0m] [0m[0m  not found: C:\Users\Hakan\.ivy2\localorg.scala-lang.modules\scala-parser-combinators\1.1.2\ivys\ivy.xml[0m
[0m[[0m[31merror[0m] [0m[0m  not found: https://repo1.maven.org/maven2/org/scala-lang/modules/scala-parser-combinators/1.1.2/scala-parser-combinators-1.1.2.pom[0m
[0m[[0m[31merror[0m] [0m[0mError downloading org.apache.spark:spark-core:2.1.0[0m
[0m[[0m[31merror[0m] [0m[0m  Not found[0m
[0m[[0m[31merror[0m] [0m[0m  Not found[0m
[0m[[0m[31merror[0m] [0m[0m  not found: C:\Users\Hakan\.ivy2\localorg.apache.spark\spark-core\2.1.0\ivys\ivy.xml[0m
[0m[[0m[31merror[0m] [0m[0m  not found: https://repo1.maven.org/maven2/org/apache/spark/spark-core/2.1.0/spark-core-2.1.0.pom[0m
[0m[[0m[31merror[0m] [0m[0m	at lmcoursier.CoursierDependencyResolution.unresolvedWarningOrThrow(CoursierDependencyResolution.scala:258)[0m
[0m[[0m[31merror[0m] [0m[0m	at lmcoursier.CoursierDependencyResolution.$anonfun$update$38(CoursierDependencyResolution.scala:227)[0m
[0m[[0m[31merror[0m] [0m[0m	at scala.util.Either$LeftProjection.map(Either.scala:573)[0m
[0m[[0m[31merror[0m] [0m[0m	at lmcoursier.CoursierDependencyResolution.update(CoursierDependencyResolution.scala:227)[0m
[0m[[0m[31merror[0m] [0m[0m	at sbt.librarymanagement.DependencyResolution.update(DependencyResolution.scala:60)[0m
[0m[[0m[31merror[0m] [0m[0m	at sbt.internal.LibraryManagement$.resolve$1(LibraryManagement.scala:53)[0m
[0m[[0m[31merror[0m] [0m[0m	at sbt.internal.LibraryManagement$.$anonfun$cachedUpdate$12(LibraryManagement.scala:103)[0m
[0m[[0m[31merror[0m] [0m[0m	at sbt.util.Tracked$.$anonfun$lastOutput$1(Tracked.scala:73)[0m
[0m[[0m[31merror[0m] [0m[0m	at sbt.internal.LibraryManagement$.$anonfun$cachedUpdate$20(LibraryManagement.scala:116)[0m
[0m[[0m[31merror[0m] [0m[0m	at scala.util.control.Exception$Catch.apply(Exception.scala:228)[0m
[0m[[0m[31merror[0m] [0m[0m	at sbt.internal.LibraryManagement$.$anonfun$cachedUpdate$11(LibraryManagement.scala:116)[0m
[0m[[0m[31merror[0m] [0m[0m	at sbt.internal.LibraryManagement$.$anonfun$cachedUpdate$11$adapted(LibraryManagement.scala:97)[0m
[0m[[0m[31merror[0m] [0m[0m	at sbt.util.Tracked$.$anonfun$inputChangedW$1(Tracked.scala:219)[0m
[0m[[0m[31merror[0m] [0m[0m	at sbt.internal.LibraryManagement$.cachedUpdate(LibraryManagement.scala:130)[0m
[0m[[0m[31merror[0m] [0m[0m	at sbt.Classpaths$.$anonfun$updateTask0$5(Defaults.scala:3486)[0m
[0m[[0m[31merror[0m] [0m[0m	at scala.Function1.$anonfun$compose$1(Function1.scala:49)[0m
[0m[[0m[31merror[0m] [0m[0m	at sbt.internal.util.$tilde$greater.$anonfun$$u2219$1(TypeFunctions.scala:62)[0m
[0m[[0m[31merror[0m] [0m[0m	at sbt.std.Transform$$anon$4.work(Transform.scala:68)[0m
[0m[[0m[31merror[0m] [0m[0m	at sbt.Execute.$anonfun$submit$2(Execute.scala:282)[0m
[0m[[0m[31merror[0m] [0m[0m	at sbt.internal.util.ErrorHandling$.wideConvert(ErrorHandling.scala:23)[0m
[0m[[0m[31merror[0m] [0m[0m	at sbt.Execute.work(Execute.scala:291)[0m
[0m[[0m[31merror[0m] [0m[0m	at sbt.Execute.$anonfun$submit$1(Execute.scala:282)[0m
[0m[[0m[31merror[0m] [0m[0m	at sbt.ConcurrentRestrictions$$anon$4.$anonfun$submitValid$1(ConcurrentRestrictions.scala:265)[0m
[0m[[0m[31merror[0m] [0m[0m	at sbt.CompletionService$$anon$2.call(CompletionService.scala:64)[0m
[0m[[0m[31merror[0m] [0m[0m	at java.base/java.util.concurrent.FutureTask.run(FutureTask.java:264)[0m
[0m[[0m[31merror[0m] [0m[0m	at java.base/java.util.concurrent.Executors$RunnableAdapter.call(Executors.java:515)[0m
[0m[[0m[31merror[0m] [0m[0m	at java.base/java.util.concurrent.FutureTask.run(FutureTask.java:264)[0m
[0m[[0m[31merror[0m] [0m[0m	at java.base/java.util.concurrent.ThreadPoolExecutor.runWorker(ThreadPoolExecutor.java:1130)[0m
[0m[[0m[31merror[0m] [0m[0m	at java.base/java.util.concurrent.ThreadPoolExecutor$Worker.run(ThreadPoolExecutor.java:630)[0m
[0m[[0m[31merror[0m] [0m[0m	at java.base/java.lang.Thread.run(Thread.java:832)[0m
[0m[[0m[31merror[0m] [0m[0m([31mupdate[0m) sbt.librarymanagement.ResolveException: Error downloading org.scala-lang.modules:scala-parser-combinators:1.1.2[0m
[0m[[0m[31merror[0m] [0m[0m  Not found[0m
[0m[[0m[31merror[0m] [0m[0m  Not found[0m
[0m[[0m[31merror[0m] [0m[0m  not found: C:\Users\Hakan\.ivy2\localorg.scala-lang.modules\scala-parser-combinators\1.1.2\ivys\ivy.xml[0m
[0m[[0m[31merror[0m] [0m[0m  not found: https://repo1.maven.org/maven2/org/scala-lang/modules/scala-parser-combinators/1.1.2/scala-parser-combinators-1.1.2.pom[0m
[0m[[0m[31merror[0m] [0m[0mError downloading org.apache.spark:spark-core:2.1.0[0m
[0m[[0m[31merror[0m] [0m[0m  Not found[0m
[0m[[0m[31merror[0m] [0m[0m  Not found[0m
[0m[[0m[31merror[0m] [0m[0m  not found: C:\Users\Hakan\.ivy2\localorg.apache.spark\spark-core\2.1.0\ivys\ivy.xml[0m
[0m[[0m[31merror[0m] [0m[0m  not found: https://repo1.maven.org/maven2/org/apache/spark/spark-core/2.1.0/spark-core-2.1.0.pom[0m
[0m[[0m[31merror[0m] [0m[0mTotal time: 2 s, completed Feb 18, 2021, 5:11:14 PM[0m
[0m[[0m[0mdebug[0m] [0m[0m> Exec(shell, None, None)[0m
[0m[[0m[31merror[0m] [0m[0mserver failed to start on local:sbt-server-1e5d42ea81977977c801. java.io.IOException: Could not create lock for \\.\pipe\sbt-server-1e5d42ea81977977c801_lock, error 5[0m
