[0m[[0m[0mdebug[0m] [0m[0m> Exec(run, Some(db4d5eb2-bd15-44fe-a489-ac375aa8c31c), Some(CommandSource(console0)))[0m
[0m[[0m[0mdebug[0m] [0m[0mEvaluating tasks: Compile / run[0m
[0m[[0m[0mdebug[0m] [0m[0mRunning task... Cancel: Signal, check cycles: false, forcegc: true[0m
[0m[[0m[0mdebug[0m] [0m[0mjsonRpcNotify: JsonRpcNotificationMessage(2.0, build/taskStart, {"taskId":{"id":"10","parents":[]},"eventTime":1613782276375,"message":"Compiling trendyolflink","dataKind":"compile-task","data":{"target":{"uri":"file:/C:/Users/Hakan/OneDrive/Desktop/Lessons/4.%20Year/2nd%20Semester/trendyol/trendyolFlink/trendyolFlink/#trendyolflink/Compile"}}})[0m
[0m[[0m[0minfo[0m] [0m[0mcompiling 1 Scala source to C:\Users\Hakan\OneDrive\Desktop\Lessons\4. Year\2nd Semester\trendyol\trendyolFlink\trendyolFlink\target\scala-2.13\classes ...[0m
[0m[[0m[0mdebug[0m] [0m[0mjsonRpcNotify: JsonRpcNotificationMessage(2.0, build/logMessage, {"type":3,"message":"compiling 1 Scala source to C:\\Users\\Hakan\\OneDrive\\Desktop\\Lessons\\4. Year\\2nd Semester\\trendyol\\trendyolFlink\\trendyolFlink\\target\\scala-2.13\\classes ..."})[0m
[0m[[0m[0mdebug[0m] [0m[0mjsonRpcNotify: JsonRpcNotificationMessage(2.0, build/publishDiagnostics, {"textDocument":{"uri":"file:///C:/Users/Hakan/OneDrive/Desktop/Lessons/4.%20Year/2nd%20Semester/trendyol/trendyolFlink/trendyolFlink/src/main/scala/flink/Main.scala"},"buildTarget":{"uri":"file:/C:/Users/Hakan/OneDrive/Desktop/Lessons/4.%20Year/2nd%20Semester/trendyol/trendyolFlink/trendyolFlink/#trendyolflink/Compile"},"diagnostics":[{"range":{"start":{"line":0,"character":11},"end":{"line":0,"character":12}},"severity":1,"source":"sbt","message":"object apache is not a member of package org"}],"reset":false})[0m
[0m[[0m[31merror[0m] [0m[0mC:\Users\Hakan\OneDrive\Desktop\Lessons\4. Year\2nd Semester\trendyol\trendyolFlink\trendyolFlink\src\main\scala\flink\Main.scala:1:12: object apache is not a member of package org[0m
[0m[[0m[31merror[0m] [0m[0mimport org.apache.flink.api.common.eventtime.{SerializableTimestampAssigner, WatermarkStrategy}[0m
[0m[[0m[31merror[0m] [0m[0m           ^[0m
[0m[[0m[0mdebug[0m] [0m[0mjsonRpcNotify: JsonRpcNotificationMessage(2.0, build/logMessage, {"type":1,"message":"C:\\Users\\Hakan\\OneDrive\\Desktop\\Lessons\\4. Year\\2nd Semester\\trendyol\\trendyolFlink\\trendyolFlink\\src\\main\\scala\\flink\\Main.scala:1:12: object apache is not a member of package org"})[0m
[0m[[0m[0mdebug[0m] [0m[0mjsonRpcNotify: JsonRpcNotificationMessage(2.0, build/logMessage, {"type":1,"message":"import org.apache.flink.api.common.eventtime.{SerializableTimestampAssigner, WatermarkStrategy}"})[0m
[0m[[0m[0mdebug[0m] [0m[0mjsonRpcNotify: JsonRpcNotificationMessage(2.0, build/logMessage, {"type":1,"message":"           ^"})[0m
[0m[[0m[0mdebug[0m] [0m[0mjsonRpcNotify: JsonRpcNotificationMessage(2.0, build/publishDiagnostics, {"textDocument":{"uri":"file:///C:/Users/Hakan/OneDrive/Desktop/Lessons/4.%20Year/2nd%20Semester/trendyol/trendyolFlink/trendyolFlink/src/main/scala/flink/Main.scala"},"buildTarget":{"uri":"file:/C:/Users/Hakan/OneDrive/Desktop/Lessons/4.%20Year/2nd%20Semester/trendyol/trendyolFlink/trendyolFlink/#trendyolflink/Compile"},"diagnostics":[{"range":{"start":{"line":1,"character":11},"end":{"line":1,"character":12}},"severity":1,"source":"sbt","message":"object apache is not a member of package org"}],"reset":false})[0m
[0m[[0m[31merror[0m] [0m[0mC:\Users\Hakan\OneDrive\Desktop\Lessons\4. Year\2nd Semester\trendyol\trendyolFlink\trendyolFlink\src\main\scala\flink\Main.scala:2:12: object apache is not a member of package org[0m
[0m[[0m[31merror[0m] [0m[0mimport org.apache.flink.api.common.restartstrategy.RestartStrategies[0m
[0m[[0m[31merror[0m] [0m[0m           ^[0m
[0m[[0m[0mdebug[0m] [0m[0mjsonRpcNotify: JsonRpcNotificationMessage(2.0, build/logMessage, {"type":1,"message":"C:\\Users\\Hakan\\OneDrive\\Desktop\\Lessons\\4. Year\\2nd Semester\\trendyol\\trendyolFlink\\trendyolFlink\\src\\main\\scala\\flink\\Main.scala:2:12: object apache is not a member of package org"})[0m
[0m[[0m[0mdebug[0m] [0m[0mjsonRpcNotify: JsonRpcNotificationMessage(2.0, build/logMessage, {"type":1,"message":"import org.apache.flink.api.common.restartstrategy.RestartStrategies"})[0m
[0m[[0m[0mdebug[0m] [0m[0mjsonRpcNotify: JsonRpcNotificationMessage(2.0, build/logMessage, {"type":1,"message":"           ^"})[0m
[0m[[0m[0mdebug[0m] [0m[0mjsonRpcNotify: JsonRpcNotificationMessage(2.0, build/publishDiagnostics, {"textDocument":{"uri":"file:///C:/Users/Hakan/OneDrive/Desktop/Lessons/4.%20Year/2nd%20Semester/trendyol/trendyolFlink/trendyolFlink/src/main/scala/flink/Main.scala"},"buildTarget":{"uri":"file:/C:/Users/Hakan/OneDrive/Desktop/Lessons/4.%20Year/2nd%20Semester/trendyol/trendyolFlink/trendyolFlink/#trendyolflink/Compile"},"diagnostics":[{"range":{"start":{"line":2,"character":11},"end":{"line":2,"character":12}},"severity":1,"source":"sbt","message":"object apache is not a member of package org"}],"reset":false})[0m
[0m[[0m[31merror[0m] [0m[0mC:\Users\Hakan\OneDrive\Desktop\Lessons\4. Year\2nd Semester\trendyol\trendyolFlink\trendyolFlink\src\main\scala\flink\Main.scala:3:12: object apache is not a member of package org[0m
[0m[[0m[31merror[0m] [0m[0mimport org.apache.flink.api.scala._[0m
[0m[[0m[31merror[0m] [0m[0m           ^[0m
[0m[[0m[0mdebug[0m] [0m[0mjsonRpcNotify: JsonRpcNotificationMessage(2.0, build/logMessage, {"type":1,"message":"C:\\Users\\Hakan\\OneDrive\\Desktop\\Lessons\\4. Year\\2nd Semester\\trendyol\\trendyolFlink\\trendyolFlink\\src\\main\\scala\\flink\\Main.scala:3:12: object apache is not a member of package org"})[0m
[0m[[0m[0mdebug[0m] [0m[0mjsonRpcNotify: JsonRpcNotificationMessage(2.0, build/logMessage, {"type":1,"message":"import org.apache.flink.api.scala._"})[0m
[0m[[0m[0mdebug[0m] [0m[0mjsonRpcNotify: JsonRpcNotificationMessage(2.0, build/logMessage, {"type":1,"message":"           ^"})[0m
[0m[[0m[0mdebug[0m] [0m[0mjsonRpcNotify: JsonRpcNotificationMessage(2.0, build/publishDiagnostics, {"textDocument":{"uri":"file:///C:/Users/Hakan/OneDrive/Desktop/Lessons/4.%20Year/2nd%20Semester/trendyol/trendyolFlink/trendyolFlink/src/main/scala/flink/Main.scala"},"buildTarget":{"uri":"file:/C:/Users/Hakan/OneDrive/Desktop/Lessons/4.%20Year/2nd%20Semester/trendyol/trendyolFlink/trendyolFlink/#trendyolflink/Compile"},"diagnostics":[{"range":{"start":{"line":3,"character":11},"end":{"line":3,"character":12}},"severity":1,"source":"sbt","message":"object apache is not a member of package org"}],"reset":false})[0m
[0m[[0m[31merror[0m] [0m[0mC:\Users\Hakan\OneDrive\Desktop\Lessons\4. Year\2nd Semester\trendyol\trendyolFlink\trendyolFlink\src\main\scala\flink\Main.scala:4:12: object apache is not a member of package org[0m
[0m[[0m[31merror[0m] [0m[0mimport org.apache.flink.streaming.api.CheckpointingMode[0m
[0m[[0m[31merror[0m] [0m[0m           ^[0m
[0m[[0m[0mdebug[0m] [0m[0mjsonRpcNotify: JsonRpcNotificationMessage(2.0, build/logMessage, {"type":1,"message":"C:\\Users\\Hakan\\OneDrive\\Desktop\\Lessons\\4. Year\\2nd Semester\\trendyol\\trendyolFlink\\trendyolFlink\\src\\main\\scala\\flink\\Main.scala:4:12: object apache is not a member of package org"})[0m
[0m[[0m[0mdebug[0m] [0m[0mjsonRpcNotify: JsonRpcNotificationMessage(2.0, build/logMessage, {"type":1,"message":"import org.apache.flink.streaming.api.CheckpointingMode"})[0m
[0m[[0m[0mdebug[0m] [0m[0mjsonRpcNotify: JsonRpcNotificationMessage(2.0, build/logMessage, {"type":1,"message":"           ^"})[0m
[0m[[0m[0mdebug[0m] [0m[0mjsonRpcNotify: JsonRpcNotificationMessage(2.0, build/publishDiagnostics, {"textDocument":{"uri":"file:///C:/Users/Hakan/OneDrive/Desktop/Lessons/4.%20Year/2nd%20Semester/trendyol/trendyolFlink/trendyolFlink/src/main/scala/flink/Main.scala"},"buildTarget":{"uri":"file:/C:/Users/Hakan/OneDrive/Desktop/Lessons/4.%20Year/2nd%20Semester/trendyol/trendyolFlink/trendyolFlink/#trendyolflink/Compile"},"diagnostics":[{"range":{"start":{"line":4,"character":11},"end":{"line":4,"character":12}},"severity":1,"source":"sbt","message":"object apache is not a member of package org"}],"reset":false})[0m
[0m[[0m[31merror[0m] [0m[0mC:\Users\Hakan\OneDrive\Desktop\Lessons\4. Year\2nd Semester\trendyol\trendyolFlink\trendyolFlink\src\main\scala\flink\Main.scala:5:12: object apache is not a member of package org[0m
[0m[[0m[31merror[0m] [0m[0mimport org.apache.flink.streaming.api.functions.sink.PrintSinkFunction[0m
[0m[[0m[31merror[0m] [0m[0m           ^[0m
[0m[[0m[0mdebug[0m] [0m[0mjsonRpcNotify: JsonRpcNotificationMessage(2.0, build/logMessage, {"type":1,"message":"C:\\Users\\Hakan\\OneDrive\\Desktop\\Lessons\\4. Year\\2nd Semester\\trendyol\\trendyolFlink\\trendyolFlink\\src\\main\\scala\\flink\\Main.scala:5:12: object apache is not a member of package org"})[0m
[0m[[0m[0mdebug[0m] [0m[0mjsonRpcNotify: JsonRpcNotificationMessage(2.0, build/logMessage, {"type":1,"message":"import org.apache.flink.streaming.api.functions.sink.PrintSinkFunction"})[0m
[0m[[0m[0mdebug[0m] [0m[0mjsonRpcNotify: JsonRpcNotificationMessage(2.0, build/logMessage, {"type":1,"message":"           ^"})[0m
[0m[[0m[0mdebug[0m] [0m[0mjsonRpcNotify: JsonRpcNotificationMessage(2.0, build/publishDiagnostics, {"textDocument":{"uri":"file:///C:/Users/Hakan/OneDrive/Desktop/Lessons/4.%20Year/2nd%20Semester/trendyol/trendyolFlink/trendyolFlink/src/main/scala/flink/Main.scala"},"buildTarget":{"uri":"file:/C:/Users/Hakan/OneDrive/Desktop/Lessons/4.%20Year/2nd%20Semester/trendyol/trendyolFlink/trendyolFlink/#trendyolflink/Compile"},"diagnostics":[{"range":{"start":{"line":5,"character":11},"end":{"line":5,"character":12}},"severity":1,"source":"sbt","message":"object apache is not a member of package org"}],"reset":false})[0m
[0m[[0m[31merror[0m] [0m[0mC:\Users\Hakan\OneDrive\Desktop\Lessons\4. Year\2nd Semester\trendyol\trendyolFlink\trendyolFlink\src\main\scala\flink\Main.scala:6:12: object apache is not a member of package org[0m
[0m[[0m[31merror[0m] [0m[0mimport org.apache.flink.streaming.api.scala.StreamExecutionEnvironment[0m
[0m[[0m[31merror[0m] [0m[0m           ^[0m
[0m[[0m[0mdebug[0m] [0m[0mjsonRpcNotify: JsonRpcNotificationMessage(2.0, build/logMessage, {"type":1,"message":"C:\\Users\\Hakan\\OneDrive\\Desktop\\Lessons\\4. Year\\2nd Semester\\trendyol\\trendyolFlink\\trendyolFlink\\src\\main\\scala\\flink\\Main.scala:6:12: object apache is not a member of package org"})[0m
[0m[[0m[0mdebug[0m] [0m[0mjsonRpcNotify: JsonRpcNotificationMessage(2.0, build/logMessage, {"type":1,"message":"import org.apache.flink.streaming.api.scala.StreamExecutionEnvironment"})[0m
[0m[[0m[0mdebug[0m] [0m[0mjsonRpcNotify: JsonRpcNotificationMessage(2.0, build/logMessage, {"type":1,"message":"           ^"})[0m
[0m[[0m[0mdebug[0m] [0m[0mjsonRpcNotify: JsonRpcNotificationMessage(2.0, build/publishDiagnostics, {"textDocument":{"uri":"file:///C:/Users/Hakan/OneDrive/Desktop/Lessons/4.%20Year/2nd%20Semester/trendyol/trendyolFlink/trendyolFlink/src/main/scala/flink/Main.scala"},"buildTarget":{"uri":"file:/C:/Users/Hakan/OneDrive/Desktop/Lessons/4.%20Year/2nd%20Semester/trendyol/trendyolFlink/trendyolFlink/#trendyolflink/Compile"},"diagnostics":[{"range":{"start":{"line":6,"character":11},"end":{"line":6,"character":12}},"severity":1,"source":"sbt","message":"object apache is not a member of package org"}],"reset":false})[0m
[0m[[0m[31merror[0m] [0m[0mC:\Users\Hakan\OneDrive\Desktop\Lessons\4. Year\2nd Semester\trendyol\trendyolFlink\trendyolFlink\src\main\scala\flink\Main.scala:7:12: object apache is not a member of package org[0m
[0m[[0m[31merror[0m] [0m[0mimport org.apache.flink.streaming.api.scala.function.ProcessWindowFunction[0m
[0m[[0m[31merror[0m] [0m[0m           ^[0m
[0m[[0m[0mdebug[0m] [0m[0mjsonRpcNotify: JsonRpcNotificationMessage(2.0, build/logMessage, {"type":1,"message":"C:\\Users\\Hakan\\OneDrive\\Desktop\\Lessons\\4. Year\\2nd Semester\\trendyol\\trendyolFlink\\trendyolFlink\\src\\main\\scala\\flink\\Main.scala:7:12: object apache is not a member of package org"})[0m
[0m[[0m[0mdebug[0m] [0m[0mjsonRpcNotify: JsonRpcNotificationMessage(2.0, build/logMessage, {"type":1,"message":"import org.apache.flink.streaming.api.scala.function.ProcessWindowFunction"})[0m
[0m[[0m[0mdebug[0m] [0m[0mjsonRpcNotify: JsonRpcNotificationMessage(2.0, build/logMessage, {"type":1,"message":"           ^"})[0m
[0m[[0m[0mdebug[0m] [0m[0mjsonRpcNotify: JsonRpcNotificationMessage(2.0, build/publishDiagnostics, {"textDocument":{"uri":"file:///C:/Users/Hakan/OneDrive/Desktop/Lessons/4.%20Year/2nd%20Semester/trendyol/trendyolFlink/trendyolFlink/src/main/scala/flink/Main.scala"},"buildTarget":{"uri":"file:/C:/Users/Hakan/OneDrive/Desktop/Lessons/4.%20Year/2nd%20Semester/trendyol/trendyolFlink/trendyolFlink/#trendyolflink/Compile"},"diagnostics":[{"range":{"start":{"line":7,"character":11},"end":{"line":7,"character":12}},"severity":1,"source":"sbt","message":"object apache is not a member of package org"}],"reset":false})[0m
[0m[[0m[31merror[0m] [0m[0mC:\Users\Hakan\OneDrive\Desktop\Lessons\4. Year\2nd Semester\trendyol\trendyolFlink\trendyolFlink\src\main\scala\flink\Main.scala:8:12: object apache is not a member of package org[0m
[0m[[0m[31merror[0m] [0m[0mimport org.apache.flink.streaming.api.windowing.assigners.TumblingEventTimeWindows[0m
[0m[[0m[31merror[0m] [0m[0m           ^[0m
[0m[[0m[0mdebug[0m] [0m[0mjsonRpcNotify: JsonRpcNotificationMessage(2.0, build/logMessage, {"type":1,"message":"C:\\Users\\Hakan\\OneDrive\\Desktop\\Lessons\\4. Year\\2nd Semester\\trendyol\\trendyolFlink\\trendyolFlink\\src\\main\\scala\\flink\\Main.scala:8:12: object apache is not a member of package org"})[0m
[0m[[0m[0mdebug[0m] [0m[0mjsonRpcNotify: JsonRpcNotificationMessage(2.0, build/logMessage, {"type":1,"message":"import org.apache.flink.streaming.api.windowing.assigners.TumblingEventTimeWindows"})[0m
[0m[[0m[0mdebug[0m] [0m[0mjsonRpcNotify: JsonRpcNotificationMessage(2.0, build/logMessage, {"type":1,"message":"           ^"})[0m
[0m[[0m[0mdebug[0m] [0m[0mjsonRpcNotify: JsonRpcNotificationMessage(2.0, build/publishDiagnostics, {"textDocument":{"uri":"file:///C:/Users/Hakan/OneDrive/Desktop/Lessons/4.%20Year/2nd%20Semester/trendyol/trendyolFlink/trendyolFlink/src/main/scala/flink/Main.scala"},"buildTarget":{"uri":"file:/C:/Users/Hakan/OneDrive/Desktop/Lessons/4.%20Year/2nd%20Semester/trendyol/trendyolFlink/trendyolFlink/#trendyolflink/Compile"},"diagnostics":[{"range":{"start":{"line":8,"character":11},"end":{"line":8,"character":12}},"severity":1,"source":"sbt","message":"object apache is not a member of package org"}],"reset":false})[0m
[0m[[0m[31merror[0m] [0m[0mC:\Users\Hakan\OneDrive\Desktop\Lessons\4. Year\2nd Semester\trendyol\trendyolFlink\trendyolFlink\src\main\scala\flink\Main.scala:9:12: object apache is not a member of package org[0m
[0m[[0m[31merror[0m] [0m[0mimport org.apache.flink.streaming.api.windowing.time.Time[0m
[0m[[0m[31merror[0m] [0m[0m           ^[0m
[0m[[0m[0mdebug[0m] [0m[0mjsonRpcNotify: JsonRpcNotificationMessage(2.0, build/logMessage, {"type":1,"message":"C:\\Users\\Hakan\\OneDrive\\Desktop\\Lessons\\4. Year\\2nd Semester\\trendyol\\trendyolFlink\\trendyolFlink\\src\\main\\scala\\flink\\Main.scala:9:12: object apache is not a member of package org"})[0m
[0m[[0m[0mdebug[0m] [0m[0mjsonRpcNotify: JsonRpcNotificationMessage(2.0, build/logMessage, {"type":1,"message":"import org.apache.flink.streaming.api.windowing.time.Time"})[0m
[0m[[0m[0mdebug[0m] [0m[0mjsonRpcNotify: JsonRpcNotificationMessage(2.0, build/logMessage, {"type":1,"message":"           ^"})[0m
[0m[[0m[0mdebug[0m] [0m[0mjsonRpcNotify: JsonRpcNotificationMessage(2.0, build/publishDiagnostics, {"textDocument":{"uri":"file:///C:/Users/Hakan/OneDrive/Desktop/Lessons/4.%20Year/2nd%20Semester/trendyol/trendyolFlink/trendyolFlink/src/main/scala/flink/Main.scala"},"buildTarget":{"uri":"file:/C:/Users/Hakan/OneDrive/Desktop/Lessons/4.%20Year/2nd%20Semester/trendyol/trendyolFlink/trendyolFlink/#trendyolflink/Compile"},"diagnostics":[{"range":{"start":{"line":9,"character":11},"end":{"line":9,"character":12}},"severity":1,"source":"sbt","message":"object apache is not a member of package org"}],"reset":false})[0m
[0m[[0m[31merror[0m] [0m[0mC:\Users\Hakan\OneDrive\Desktop\Lessons\4. Year\2nd Semester\trendyol\trendyolFlink\trendyolFlink\src\main\scala\flink\Main.scala:10:12: object apache is not a member of package org[0m
[0m[[0m[31merror[0m] [0m[0mimport org.apache.flink.streaming.api.windowing.windows.TimeWindow[0m
[0m[[0m[31merror[0m] [0m[0m           ^[0m
[0m[[0m[0mdebug[0m] [0m[0mjsonRpcNotify: JsonRpcNotificationMessage(2.0, build/logMessage, {"type":1,"message":"C:\\Users\\Hakan\\OneDrive\\Desktop\\Lessons\\4. Year\\2nd Semester\\trendyol\\trendyolFlink\\trendyolFlink\\src\\main\\scala\\flink\\Main.scala:10:12: object apache is not a member of package org"})[0m
[0m[[0m[0mdebug[0m] [0m[0mjsonRpcNotify: JsonRpcNotificationMessage(2.0, build/logMessage, {"type":1,"message":"import org.apache.flink.streaming.api.windowing.windows.TimeWindow"})[0m
[0m[[0m[0mdebug[0m] [0m[0mjsonRpcNotify: JsonRpcNotificationMessage(2.0, build/logMessage, {"type":1,"message":"           ^"})[0m
[0m[[0m[0mdebug[0m] [0m[0mjsonRpcNotify: JsonRpcNotificationMessage(2.0, build/publishDiagnostics, {"textDocument":{"uri":"file:///C:/Users/Hakan/OneDrive/Desktop/Lessons/4.%20Year/2nd%20Semester/trendyol/trendyolFlink/trendyolFlink/src/main/scala/flink/Main.scala"},"buildTarget":{"uri":"file:/C:/Users/Hakan/OneDrive/Desktop/Lessons/4.%20Year/2nd%20Semester/trendyol/trendyolFlink/trendyolFlink/#trendyolflink/Compile"},"diagnostics":[{"range":{"start":{"line":10,"character":11},"end":{"line":10,"character":12}},"severity":1,"source":"sbt","message":"object apache is not a member of package org"}],"reset":false})[0m
[0m[[0m[31merror[0m] [0m[0mC:\Users\Hakan\OneDrive\Desktop\Lessons\4. Year\2nd Semester\trendyol\trendyolFlink\trendyolFlink\src\main\scala\flink\Main.scala:11:12: object apache is not a member of package org[0m
[0m[[0m[31merror[0m] [0m[0mimport org.apache.flink.util.Collector[0m
[0m[[0m[31merror[0m] [0m[0m           ^[0m
[0m[[0m[0mdebug[0m] [0m[0mjsonRpcNotify: JsonRpcNotificationMessage(2.0, build/logMessage, {"type":1,"message":"C:\\Users\\Hakan\\OneDrive\\Desktop\\Lessons\\4. Year\\2nd Semester\\trendyol\\trendyolFlink\\trendyolFlink\\src\\main\\scala\\flink\\Main.scala:11:12: object apache is not a member of package org"})[0m
[0m[[0m[0mdebug[0m] [0m[0mjsonRpcNotify: JsonRpcNotificationMessage(2.0, build/logMessage, {"type":1,"message":"import org.apache.flink.util.Collector"})[0m
[0m[[0m[0mdebug[0m] [0m[0mjsonRpcNotify: JsonRpcNotificationMessage(2.0, build/logMessage, {"type":1,"message":"           ^"})[0m
[0m[[0m[0mdebug[0m] [0m[0mjsonRpcNotify: JsonRpcNotificationMessage(2.0, build/publishDiagnostics, {"textDocument":{"uri":"file:///C:/Users/Hakan/OneDrive/Desktop/Lessons/4.%20Year/2nd%20Semester/trendyol/trendyolFlink/trendyolFlink/src/main/scala/flink/Main.scala"},"buildTarget":{"uri":"file:/C:/Users/Hakan/OneDrive/Desktop/Lessons/4.%20Year/2nd%20Semester/trendyol/trendyolFlink/trendyolFlink/#trendyolflink/Compile"},"diagnostics":[{"range":{"start":{"line":11,"character":11},"end":{"line":11,"character":12}},"severity":1,"source":"sbt","message":"object slf4j is not a member of package org"}],"reset":false})[0m
[0m[[0m[31merror[0m] [0m[0mC:\Users\Hakan\OneDrive\Desktop\Lessons\4. Year\2nd Semester\trendyol\trendyolFlink\trendyolFlink\src\main\scala\flink\Main.scala:12:12: object slf4j is not a member of package org[0m
[0m[[0m[31merror[0m] [0m[0mimport org.slf4j.{Logger, LoggerFactory}[0m
[0m[[0m[31merror[0m] [0m[0m           ^[0m
[0m[[0m[0mdebug[0m] [0m[0mjsonRpcNotify: JsonRpcNotificationMessage(2.0, build/logMessage, {"type":1,"message":"C:\\Users\\Hakan\\OneDrive\\Desktop\\Lessons\\4. Year\\2nd Semester\\trendyol\\trendyolFlink\\trendyolFlink\\src\\main\\scala\\flink\\Main.scala:12:12: object slf4j is not a member of package org"})[0m
[0m[[0m[0mdebug[0m] [0m[0mjsonRpcNotify: JsonRpcNotificationMessage(2.0, build/logMessage, {"type":1,"message":"import org.slf4j.{Logger, LoggerFactory}"})[0m
[0m[[0m[0mdebug[0m] [0m[0mjsonRpcNotify: JsonRpcNotificationMessage(2.0, build/logMessage, {"type":1,"message":"           ^"})[0m
[0m[[0m[0mdebug[0m] [0m[0mjsonRpcNotify: JsonRpcNotificationMessage(2.0, build/publishDiagnostics, {"textDocument":{"uri":"file:///C:/Users/Hakan/OneDrive/Desktop/Lessons/4.%20Year/2nd%20Semester/trendyol/trendyolFlink/trendyolFlink/src/main/scala/flink/Main.scala"},"buildTarget":{"uri":"file:/C:/Users/Hakan/OneDrive/Desktop/Lessons/4.%20Year/2nd%20Semester/trendyol/trendyolFlink/trendyolFlink/#trendyolflink/Compile"},"diagnostics":[{"range":{"start":{"line":16,"character":23},"end":{"line":16,"character":24}},"severity":1,"source":"sbt","message":"not found: type Properties"}],"reset":false})[0m
[0m[[0m[31merror[0m] [0m[0mC:\Users\Hakan\OneDrive\Desktop\Lessons\4. Year\2nd Semester\trendyol\trendyolFlink\trendyolFlink\src\main\scala\flink\Main.scala:17:24: not found: type Properties[0m
[0m[[0m[31merror[0m] [0m[0m  val properties = new Properties()[0m
[0m[[0m[31merror[0m] [0m[0m                       ^[0m
[0m[[0m[0mdebug[0m] [0m[0mjsonRpcNotify: JsonRpcNotificationMessage(2.0, build/logMessage, {"type":1,"message":"C:\\Users\\Hakan\\OneDrive\\Desktop\\Lessons\\4. Year\\2nd Semester\\trendyol\\trendyolFlink\\trendyolFlink\\src\\main\\scala\\flink\\Main.scala:17:24: not found: type Properties"})[0m
[0m[[0m[0mdebug[0m] [0m[0mjsonRpcNotify: JsonRpcNotificationMessage(2.0, build/logMessage, {"type":1,"message":"  val properties = new Properties()"})[0m
[0m[[0m[0mdebug[0m] [0m[0mjsonRpcNotify: JsonRpcNotificationMessage(2.0, build/logMessage, {"type":1,"message":"                       ^"})[0m
[0m[[0m[0mdebug[0m] [0m[0mjsonRpcNotify: JsonRpcNotificationMessage(2.0, build/publishDiagnostics, {"textDocument":{"uri":"file:///C:/Users/Hakan/OneDrive/Desktop/Lessons/4.%20Year/2nd%20Semester/trendyol/trendyolFlink/trendyolFlink/src/main/scala/flink/Main.scala"},"buildTarget":{"uri":"file:/C:/Users/Hakan/OneDrive/Desktop/Lessons/4.%20Year/2nd%20Semester/trendyol/trendyolFlink/trendyolFlink/#trendyolflink/Compile"},"diagnostics":[{"range":{"start":{"line":19,"character":13},"end":{"line":19,"character":14}},"severity":1,"source":"sbt","message":"not found: value env"}],"reset":false})[0m
[0m[[0m[31merror[0m] [0m[0mC:\Users\Hakan\OneDrive\Desktop\Lessons\4. Year\2nd Semester\trendyol\trendyolFlink\trendyolFlink\src\main\scala\flink\Main.scala:20:14: not found: value env[0m
[0m[[0m[31merror[0m] [0m[0mval stream = env[0m
[0m[[0m[31merror[0m] [0m[0m             ^[0m
[0m[[0m[0mdebug[0m] [0m[0mjsonRpcNotify: JsonRpcNotificationMessage(2.0, build/logMessage, {"type":1,"message":"C:\\Users\\Hakan\\OneDrive\\Desktop\\Lessons\\4. Year\\2nd Semester\\trendyol\\trendyolFlink\\trendyolFlink\\src\\main\\scala\\flink\\Main.scala:20:14: not found: value env"})[0m
[0m[[0m[0mdebug[0m] [0m[0mjsonRpcNotify: JsonRpcNotificationMessage(2.0, build/logMessage, {"type":1,"message":"val stream = env"})[0m
[0m[[0m[0mdebug[0m] [0m[0mjsonRpcNotify: JsonRpcNotificationMessage(2.0, build/logMessage, {"type":1,"message":"             ^"})[0m
[0m[[0m[0mdebug[0m] [0m[0mjsonRpcNotify: JsonRpcNotificationMessage(2.0, build/publishDiagnostics, {"textDocument":{"uri":"file:///C:/Users/Hakan/OneDrive/Desktop/Lessons/4.%20Year/2nd%20Semester/trendyol/trendyolFlink/trendyolFlink/src/main/scala/flink/Main.scala"},"buildTarget":{"uri":"file:/C:/Users/Hakan/OneDrive/Desktop/Lessons/4.%20Year/2nd%20Semester/trendyol/trendyolFlink/trendyolFlink/#trendyolflink/Compile"},"diagnostics":[{"range":{"start":{"line":20,"character":19},"end":{"line":20,"character":20}},"severity":1,"source":"sbt","message":"not found: type FlinkKafkaConsumer"}],"reset":false})[0m
[0m[[0m[31merror[0m] [0m[0mC:\Users\Hakan\OneDrive\Desktop\Lessons\4. Year\2nd Semester\trendyol\trendyolFlink\trendyolFlink\src\main\scala\flink\Main.scala:21:20: not found: type FlinkKafkaConsumer[0m
[0m[[0m[31merror[0m] [0m[0m    .addSource(new FlinkKafkaConsumer[String]("topic", new SimpleStringSchema(), properties))[0m
[0m[[0m[31merror[0m] [0m[0m                   ^[0m
[0m[[0m[0mdebug[0m] [0m[0mjsonRpcNotify: JsonRpcNotificationMessage(2.0, build/logMessage, {"type":1,"message":"C:\\Users\\Hakan\\OneDrive\\Desktop\\Lessons\\4. Year\\2nd Semester\\trendyol\\trendyolFlink\\trendyolFlink\\src\\main\\scala\\flink\\Main.scala:21:20: not found: type FlinkKafkaConsumer"})[0m
[0m[[0m[0mdebug[0m] [0m[0mjsonRpcNotify: JsonRpcNotificationMessage(2.0, build/logMessage, {"type":1,"message":"    .addSource(new FlinkKafkaConsumer[String](\"topic\", new SimpleStringSchema(), properties))"})[0m
[0m[[0m[0mdebug[0m] [0m[0mjsonRpcNotify: JsonRpcNotificationMessage(2.0, build/logMessage, {"type":1,"message":"                   ^"})[0m
[0m[[0m[0mdebug[0m] [0m[0mjsonRpcNotify: JsonRpcNotificationMessage(2.0, build/publishDiagnostics, {"textDocument":{"uri":"file:///C:/Users/Hakan/OneDrive/Desktop/Lessons/4.%20Year/2nd%20Semester/trendyol/trendyolFlink/trendyolFlink/src/main/scala/flink/Main.scala"},"buildTarget":{"uri":"file:/C:/Users/Hakan/OneDrive/Desktop/Lessons/4.%20Year/2nd%20Semester/trendyol/trendyolFlink/trendyolFlink/#trendyolflink/Compile"},"diagnostics":[{"range":{"start":{"line":20,"character":59},"end":{"line":20,"character":60}},"severity":1,"source":"sbt","message":"not found: type SimpleStringSchema"}],"reset":false})[0m
[0m[[0m[31merror[0m] [0m[0mC:\Users\Hakan\OneDrive\Desktop\Lessons\4. Year\2nd Semester\trendyol\trendyolFlink\trendyolFlink\src\main\scala\flink\Main.scala:21:60: not found: type SimpleStringSchema[0m
[0m[[0m[31merror[0m] [0m[0m    .addSource(new FlinkKafkaConsumer[String]("topic", new SimpleStringSchema(), properties))[0m
[0m[[0m[31merror[0m] [0m[0m                                                           ^[0m
[0m[[0m[0mdebug[0m] [0m[0mjsonRpcNotify: JsonRpcNotificationMessage(2.0, build/logMessage, {"type":1,"message":"C:\\Users\\Hakan\\OneDrive\\Desktop\\Lessons\\4. Year\\2nd Semester\\trendyol\\trendyolFlink\\trendyolFlink\\src\\main\\scala\\flink\\Main.scala:21:60: not found: type SimpleStringSchema"})[0m
[0m[[0m[0mdebug[0m] [0m[0mjsonRpcNotify: JsonRpcNotificationMessage(2.0, build/logMessage, {"type":1,"message":"    .addSource(new FlinkKafkaConsumer[String](\"topic\", new SimpleStringSchema(), properties))"})[0m
[0m[[0m[0mdebug[0m] [0m[0mjsonRpcNotify: JsonRpcNotificationMessage(2.0, build/logMessage, {"type":1,"message":"                                                           ^"})[0m
[0m[[0m[31merror[0m] [0m[0m16 errors found[0m
[0m[[0m[0mdebug[0m] [0m[0mjsonRpcNotify: JsonRpcNotificationMessage(2.0, build/logMessage, {"type":1,"message":"16 errors found"})[0m
[0m[[0m[0mdebug[0m] [0m[0mjsonRpcNotify: JsonRpcNotificationMessage(2.0, build/publishDiagnostics, {"textDocument":{"uri":"file:///C:/Users/Hakan/OneDrive/Desktop/Lessons/4.%20Year/2nd%20Semester/trendyol/trendyolFlink/trendyolFlink/src/main/scala/flink/Main.scala"},"buildTarget":{"uri":"file:/C:/Users/Hakan/OneDrive/Desktop/Lessons/4.%20Year/2nd%20Semester/trendyol/trendyolFlink/trendyolFlink/#trendyolflink/Compile"},"diagnostics":[{"range":{"start":{"line":0,"character":11},"end":{"line":0,"character":12}},"severity":1,"source":"sbt","message":"object apache is not a member of package org"},{"range":{"start":{"line":1,"character":11},"end":{"line":1,"character":12}},"severity":1,"source":"sbt","message":"object apache is not a member of package org"},{"range":{"start":{"line":2,"character":11},"end":{"line":2,"character":12}},"severity":1,"source":"sbt","message":"object apache is not a member of package org"},{"range":{"start":{"line":3,"character":11},"end":{"line":3,"character":12}},"severity":1,"source":"sbt","message":"object apache is not a member of package org"},{"range":{"start":{"line":4,"character":11},"end":{"line":4,"character":12}},"severity":1,"source":"sbt","message":"object apache is not a member of package org"},{"range":{"start":{"line":5,"character":11},"end":{"line":5,"character":12}},"severity":1,"source":"sbt","message":"object apache is not a member of package org"},{"range":{"start":{"line":6,"character":11},"end":{"line":6,"character":12}},"severity":1,"source":"sbt","message":"object apache is not a member of package org"},{"range":{"start":{"line":7,"character":11},"end":{"line":7,"character":12}},"severity":1,"source":"sbt","message":"object apache is not a member of package org"},{"range":{"start":{"line":8,"character":11},"end":{"line":8,"character":12}},"severity":1,"source":"sbt","message":"object apache is not a member of package org"},{"range":{"start":{"line":9,"character":11},"end":{"line":9,"character":12}},"severity":1,"source":"sbt","message":"object apache is not a member of package org"},{"range":{"start":{"line":10,"character":11},"end":{"line":10,"character":12}},"severity":1,"source":"sbt","message":"object apache is not a member of package org"},{"range":{"start":{"line":11,"character":11},"end":{"line":11,"character":12}},"severity":1,"source":"sbt","message":"object slf4j is not a member of package org"},{"range":{"start":{"line":16,"character":23},"end":{"line":16,"character":24}},"severity":1,"source":"sbt","message":"not found: type Properties"},{"range":{"start":{"line":19,"character":13},"end":{"line":19,"character":14}},"severity":1,"source":"sbt","message":"not found: value env"},{"range":{"start":{"line":20,"character":19},"end":{"line":20,"character":20}},"severity":1,"source":"sbt","message":"not found: type FlinkKafkaConsumer"},{"range":{"start":{"line":20,"character":59},"end":{"line":20,"character":60}},"severity":1,"source":"sbt","message":"not found: type SimpleStringSchema"}],"reset":true})[0m
[0m[[0m[0mdebug[0m] [0m[0mjsonRpcNotify: JsonRpcNotificationMessage(2.0, build/taskFinish, {"taskId":{"id":"10","parents":[]},"eventTime":1613782277237,"message":"Compiled trendyolflink","status":2,"dataKind":"compile-report","data":{"target":{"uri":"file:/C:/Users/Hakan/OneDrive/Desktop/Lessons/4.%20Year/2nd%20Semester/trendyol/trendyolFlink/trendyolFlink/#trendyolflink/Compile"},"errors":16,"warnings":0,"time":862}})[0m
[0m[[0m[31merror[0m] [0m[0m(Compile / [31mcompileIncremental[0m) Compilation failed[0m
[0m[[0m[0mdebug[0m] [0m[0mjsonRpcNotify: JsonRpcNotificationMessage(2.0, build/logMessage, {"type":1,"message":"(Compile / \u001b[31mcompileIncremental\u001b[0m) Compilation failed"})[0m
[0m[[0m[31merror[0m] [0m[0mTotal time: 1 s, completed Feb 20, 2021, 3:51:17 AM[0m
[0m[[0m[0mdebug[0m] [0m[0m> Exec(shell, None, None)[0m
