[0m[[0m[0mdebug[0m] [0m[0m> Exec(run, Some(5e109feb-9afb-4bc9-9678-b13e1564f1e4), Some(CommandSource(console0)))[0m
[0m[[0m[0mdebug[0m] [0m[0mEvaluating tasks: Compile / run[0m
[0m[[0m[0mdebug[0m] [0m[0mRunning task... Cancel: Signal, check cycles: false, forcegc: true[0m
[0m[[0m[0minfo[0m] [0m[0mcompiling 1 Scala source to C:\Users\Hakan\OneDrive\Desktop\Lessons\4. Year\2nd Semester\trendyol\trendyolFlink\trendyolFlink\target\scala-2.12\classes ...[0m
[0m[[0m[31merror[0m] [0m[0mC:\Users\Hakan\OneDrive\Desktop\Lessons\4. Year\2nd Semester\trendyol\trendyolFlink\trendyolFlink\src\main\scala\flink\Main.scala:1:12: object apache is not a member of package org[0m
[0m[[0m[31merror[0m] [0m[0mimport org.apache.flink.api.common.eventtime.{SerializableTimestampAssigner, WatermarkStrategy}[0m
[0m[[0m[31merror[0m] [0m[0m           ^[0m
[0m[[0m[31merror[0m] [0m[0mC:\Users\Hakan\OneDrive\Desktop\Lessons\4. Year\2nd Semester\trendyol\trendyolFlink\trendyolFlink\src\main\scala\flink\Main.scala:2:12: object apache is not a member of package org[0m
[0m[[0m[31merror[0m] [0m[0mimport org.apache.flink.api.common.restartstrategy.RestartStrategies[0m
[0m[[0m[31merror[0m] [0m[0m           ^[0m
[0m[[0m[31merror[0m] [0m[0mC:\Users\Hakan\OneDrive\Desktop\Lessons\4. Year\2nd Semester\trendyol\trendyolFlink\trendyolFlink\src\main\scala\flink\Main.scala:3:12: object apache is not a member of package org[0m
[0m[[0m[31merror[0m] [0m[0mimport org.apache.flink.api.scala._[0m
[0m[[0m[31merror[0m] [0m[0m           ^[0m
[0m[[0m[31merror[0m] [0m[0mC:\Users\Hakan\OneDrive\Desktop\Lessons\4. Year\2nd Semester\trendyol\trendyolFlink\trendyolFlink\src\main\scala\flink\Main.scala:4:12: object apache is not a member of package org[0m
[0m[[0m[31merror[0m] [0m[0mimport org.apache.flink.streaming.api.CheckpointingMode[0m
[0m[[0m[31merror[0m] [0m[0m           ^[0m
[0m[[0m[31merror[0m] [0m[0mC:\Users\Hakan\OneDrive\Desktop\Lessons\4. Year\2nd Semester\trendyol\trendyolFlink\trendyolFlink\src\main\scala\flink\Main.scala:5:12: object apache is not a member of package org[0m
[0m[[0m[31merror[0m] [0m[0mimport org.apache.flink.streaming.api.functions.sink.PrintSinkFunction[0m
[0m[[0m[31merror[0m] [0m[0m           ^[0m
[0m[[0m[31merror[0m] [0m[0mC:\Users\Hakan\OneDrive\Desktop\Lessons\4. Year\2nd Semester\trendyol\trendyolFlink\trendyolFlink\src\main\scala\flink\Main.scala:6:12: object apache is not a member of package org[0m
[0m[[0m[31merror[0m] [0m[0mimport org.apache.flink.streaming.api.scala.StreamExecutionEnvironment[0m
[0m[[0m[31merror[0m] [0m[0m           ^[0m
[0m[[0m[31merror[0m] [0m[0mC:\Users\Hakan\OneDrive\Desktop\Lessons\4. Year\2nd Semester\trendyol\trendyolFlink\trendyolFlink\src\main\scala\flink\Main.scala:7:12: object apache is not a member of package org[0m
[0m[[0m[31merror[0m] [0m[0mimport org.apache.flink.streaming.api.scala.function.ProcessWindowFunction[0m
[0m[[0m[31merror[0m] [0m[0m           ^[0m
[0m[[0m[31merror[0m] [0m[0mC:\Users\Hakan\OneDrive\Desktop\Lessons\4. Year\2nd Semester\trendyol\trendyolFlink\trendyolFlink\src\main\scala\flink\Main.scala:8:12: object apache is not a member of package org[0m
[0m[[0m[31merror[0m] [0m[0mimport org.apache.flink.streaming.api.windowing.assigners.TumblingEventTimeWindows[0m
[0m[[0m[31merror[0m] [0m[0m           ^[0m
[0m[[0m[31merror[0m] [0m[0mC:\Users\Hakan\OneDrive\Desktop\Lessons\4. Year\2nd Semester\trendyol\trendyolFlink\trendyolFlink\src\main\scala\flink\Main.scala:9:12: object apache is not a member of package org[0m
[0m[[0m[31merror[0m] [0m[0mimport org.apache.flink.streaming.api.windowing.time.Time[0m
[0m[[0m[31merror[0m] [0m[0m           ^[0m
[0m[[0m[31merror[0m] [0m[0mC:\Users\Hakan\OneDrive\Desktop\Lessons\4. Year\2nd Semester\trendyol\trendyolFlink\trendyolFlink\src\main\scala\flink\Main.scala:10:12: object apache is not a member of package org[0m
[0m[[0m[31merror[0m] [0m[0mimport org.apache.flink.streaming.api.windowing.windows.TimeWindow[0m
[0m[[0m[31merror[0m] [0m[0m           ^[0m
[0m[[0m[31merror[0m] [0m[0mC:\Users\Hakan\OneDrive\Desktop\Lessons\4. Year\2nd Semester\trendyol\trendyolFlink\trendyolFlink\src\main\scala\flink\Main.scala:11:12: object apache is not a member of package org[0m
[0m[[0m[31merror[0m] [0m[0mimport org.apache.flink.util.Collector[0m
[0m[[0m[31merror[0m] [0m[0m           ^[0m
[0m[[0m[31merror[0m] [0m[0mC:\Users\Hakan\OneDrive\Desktop\Lessons\4. Year\2nd Semester\trendyol\trendyolFlink\trendyolFlink\src\main\scala\flink\Main.scala:12:12: object slf4j is not a member of package org[0m
[0m[[0m[31merror[0m] [0m[0mimport org.slf4j.{Logger, LoggerFactory}[0m
[0m[[0m[31merror[0m] [0m[0m           ^[0m
[0m[[0m[31merror[0m] [0m[0mC:\Users\Hakan\OneDrive\Desktop\Lessons\4. Year\2nd Semester\trendyol\trendyolFlink\trendyolFlink\src\main\scala\flink\Main.scala:13:12: object apache is not a member of package org[0m
[0m[[0m[31merror[0m] [0m[0mimport org.apache.flink.streaming.connectors.kafka.FlinkKafkaConsumer09[0m
[0m[[0m[31merror[0m] [0m[0m           ^[0m
[0m[[0m[31merror[0m] [0m[0mC:\Users\Hakan\OneDrive\Desktop\Lessons\4. Year\2nd Semester\trendyol\trendyolFlink\trendyolFlink\src\main\scala\flink\Main.scala:19:13: not found: value StreamExecutionEnvironment[0m
[0m[[0m[31merror[0m] [0m[0m  val env = StreamExecutionEnvironment.getExecutionEnvironment[0m
[0m[[0m[31merror[0m] [0m[0m            ^[0m
[0m[[0m[31merror[0m] [0m[0m14 errors found[0m
[0m[[0m[31merror[0m] [0m[0m(Compile / [31mcompileIncremental[0m) Compilation failed[0m
[0m[[0m[31merror[0m] [0m[0mTotal time: 4 s, completed Feb 20, 2021, 4:12:07 AM[0m
[0m[[0m[0mdebug[0m] [0m[0m> Exec(shell, None, None)[0m
[0m[[0m[0minfo[0m] [0m[0mshutting down sbt server[0m
